{
  "RSpec": {
    "coverage": {
      "/Users/evangelos/dev/work/digitalapps/rails-template-dir/playground/rails7_1_3sample/app/helpers/application_helper.rb": {
        "lines": [
          null,
          null,
          1,
          null
        ]
      },
      "/Users/evangelos/dev/work/digitalapps/rails-template-dir/playground/rails7_1_3sample/app/controllers/application_controller.rb": {
        "lines": [
          null,
          null,
          0,
          0
        ],
        "branches": {
        }
      },
      "/Users/evangelos/dev/work/digitalapps/rails-template-dir/playground/rails7_1_3sample/app/controllers/home_controller.rb": {
        "lines": [
          null,
          null,
          0,
          0,
          0
        ],
        "branches": {
        }
      },
      "/Users/evangelos/dev/work/digitalapps/rails-template-dir/playground/rails7_1_3sample/app/jobs/application_job.rb": {
        "lines": [
          null,
          null,
          0,
          null,
          null,
          null,
          null,
          null,
          0
        ],
        "branches": {
        }
      },
      "/Users/evangelos/dev/work/digitalapps/rails-template-dir/playground/rails7_1_3sample/app/mailers/application_mailer.rb": {
        "lines": [
          null,
          null,
          0,
          0,
          0,
          0
        ],
        "branches": {
        }
      },
      "/Users/evangelos/dev/work/digitalapps/rails-template-dir/playground/rails7_1_3sample/app/models/application_record.rb": {
        "lines": [
          null,
          null,
          0,
          0,
          0
        ],
        "branches": {
        }
      },
      "/Users/evangelos/dev/work/digitalapps/rails-template-dir/playground/rails7_1_3sample/app/models/user.rb": {
        "lines": [
          null,
          null,
          0,
          null,
          null,
          0,
          0,
          0
        ],
        "branches": {
        }
      }
    },
    "timestamp": 1708856019
  }
}
